<?xml version="1.0" encoding="UTF-8"?>
<testsuite name="org.morgorithm.frames.service.DataValidityPeriodTests" tests="1" skipped="0" failures="0" errors="0" timestamp="2021-04-17T08:47:03" hostname="DESKTOP-KCDHFKO" time="0.301">
  <properties/>
  <testcase name="dataValidityPeriodTest()" classname="org.morgorithm.frames.service.DataValidityPeriodTests" time="0.301"/>
  <system-out><![CDATA[17:46:48.360 [Test worker] DEBUG org.springframework.test.context.BootstrapUtils - Instantiating CacheAwareContextLoaderDelegate from class [org.springframework.test.context.cache.DefaultCacheAwareContextLoaderDelegate]
17:46:48.388 [Test worker] DEBUG org.springframework.test.context.BootstrapUtils - Instantiating BootstrapContext using constructor [public org.springframework.test.context.support.DefaultBootstrapContext(java.lang.Class,org.springframework.test.context.CacheAwareContextLoaderDelegate)]
17:46:48.467 [Test worker] DEBUG org.springframework.test.context.BootstrapUtils - Instantiating TestContextBootstrapper for test class [org.morgorithm.frames.service.DataValidityPeriodTests] from class [org.springframework.boot.test.context.SpringBootTestContextBootstrapper]
17:46:48.505 [Test worker] INFO org.springframework.boot.test.context.SpringBootTestContextBootstrapper - Neither @ContextConfiguration nor @ContextHierarchy found for test class [org.morgorithm.frames.service.DataValidityPeriodTests], using SpringBootContextLoader
17:46:48.517 [Test worker] DEBUG org.springframework.test.context.support.AbstractContextLoader - Did not detect default resource location for test class [org.morgorithm.frames.service.DataValidityPeriodTests]: class path resource [org/morgorithm/frames/service/DataValidityPeriodTests-context.xml] does not exist
17:46:48.518 [Test worker] DEBUG org.springframework.test.context.support.AbstractContextLoader - Did not detect default resource location for test class [org.morgorithm.frames.service.DataValidityPeriodTests]: class path resource [org/morgorithm/frames/service/DataValidityPeriodTestsContext.groovy] does not exist
17:46:48.518 [Test worker] INFO org.springframework.test.context.support.AbstractContextLoader - Could not detect default resource locations for test class [org.morgorithm.frames.service.DataValidityPeriodTests]: no resource found for suffixes {-context.xml, Context.groovy}.
17:46:48.520 [Test worker] INFO org.springframework.test.context.support.AnnotationConfigContextLoaderUtils - Could not detect default configuration classes for test class [org.morgorithm.frames.service.DataValidityPeriodTests]: DataValidityPeriodTests does not declare any static, non-private, non-final, nested classes annotated with @Configuration.
17:46:48.623 [Test worker] DEBUG org.springframework.test.context.support.ActiveProfilesUtils - Could not find an 'annotation declaring class' for annotation type [org.springframework.test.context.ActiveProfiles] and class [org.morgorithm.frames.service.DataValidityPeriodTests]
17:46:48.823 [Test worker] DEBUG org.springframework.context.annotation.ClassPathScanningCandidateComponentProvider - Identified candidate component class: file [C:\Users\nick1\framesWeb-master\build\classes\java\main\org\morgorithm\frames\FramesApplication.class]
17:46:48.827 [Test worker] INFO org.springframework.boot.test.context.SpringBootTestContextBootstrapper - Found @SpringBootConfiguration org.morgorithm.frames.FramesApplication for test class org.morgorithm.frames.service.DataValidityPeriodTests
17:46:49.053 [Test worker] DEBUG org.springframework.boot.test.context.SpringBootTestContextBootstrapper - @TestExecutionListeners is not present for class [org.morgorithm.frames.service.DataValidityPeriodTests]: using defaults.
17:46:49.054 [Test worker] INFO org.springframework.boot.test.context.SpringBootTestContextBootstrapper - Loaded default TestExecutionListener class names from location [META-INF/spring.factories]: [org.springframework.boot.test.autoconfigure.restdocs.RestDocsTestExecutionListener, org.springframework.boot.test.autoconfigure.web.client.MockRestServiceServerResetTestExecutionListener, org.springframework.boot.test.autoconfigure.web.servlet.MockMvcPrintOnlyOnFailureTestExecutionListener, org.springframework.boot.test.autoconfigure.web.servlet.WebDriverTestExecutionListener, org.springframework.boot.test.autoconfigure.webservices.client.MockWebServiceServerTestExecutionListener, org.springframework.boot.test.mock.mockito.MockitoTestExecutionListener, org.springframework.boot.test.mock.mockito.ResetMocksTestExecutionListener, org.springframework.test.context.web.ServletTestExecutionListener, org.springframework.test.context.support.DirtiesContextBeforeModesTestExecutionListener, org.springframework.test.context.event.ApplicationEventsTestExecutionListener, org.springframework.test.context.support.DependencyInjectionTestExecutionListener, org.springframework.test.context.support.DirtiesContextTestExecutionListener, org.springframework.test.context.transaction.TransactionalTestExecutionListener, org.springframework.test.context.jdbc.SqlScriptsTestExecutionListener, org.springframework.test.context.event.EventPublishingTestExecutionListener]
17:46:49.109 [Test worker] INFO org.springframework.boot.test.context.SpringBootTestContextBootstrapper - Using TestExecutionListeners: [org.springframework.test.context.web.ServletTestExecutionListener@289cb6cf, org.springframework.test.context.support.DirtiesContextBeforeModesTestExecutionListener@55fd08e, org.springframework.test.context.event.ApplicationEventsTestExecutionListener@4943a158, org.springframework.boot.test.mock.mockito.MockitoTestExecutionListener@3e0d87c9, org.springframework.boot.test.autoconfigure.SpringBootDependencyInjectionTestExecutionListener@73ea7409, org.springframework.test.context.support.DirtiesContextTestExecutionListener@8ca015a, org.springframework.test.context.transaction.TransactionalTestExecutionListener@5c57387a, org.springframework.test.context.jdbc.SqlScriptsTestExecutionListener@eb6cff6, org.springframework.test.context.event.EventPublishingTestExecutionListener@2edca815, org.springframework.boot.test.autoconfigure.restdocs.RestDocsTestExecutionListener@76c4ac45, org.springframework.boot.test.autoconfigure.web.client.MockRestServiceServerResetTestExecutionListener@13b5de0f, org.springframework.boot.test.autoconfigure.web.servlet.MockMvcPrintOnlyOnFailureTestExecutionListener@2b447af0, org.springframework.boot.test.autoconfigure.web.servlet.WebDriverTestExecutionListener@6093f38d, org.springframework.boot.test.autoconfigure.webservices.client.MockWebServiceServerTestExecutionListener@3366cd5e, org.springframework.boot.test.mock.mockito.ResetMocksTestExecutionListener@e1e389b]
17:46:49.120 [Test worker] DEBUG org.springframework.test.context.support.AbstractDirtiesContextTestExecutionListener - Before test class: context [DefaultTestContext@76e489ec testClass = DataValidityPeriodTests, testInstance = [null], testMethod = [null], testException = [null], mergedContextConfiguration = [WebMergedContextConfiguration@76d41f27 testClass = DataValidityPeriodTests, locations = '{}', classes = '{class org.morgorithm.frames.FramesApplication}', contextInitializerClasses = '[]', activeProfiles = '{}', propertySourceLocations = '{}', propertySourceProperties = '{org.springframework.boot.test.context.SpringBootTestContextBootstrapper=true}', contextCustomizers = set[org.springframework.boot.test.autoconfigure.actuate.metrics.MetricsExportContextCustomizerFactory$DisableMetricExportContextCustomizer@78903df7, org.springframework.boot.test.autoconfigure.properties.PropertyMappingContextCustomizer@0, org.springframework.boot.test.autoconfigure.web.servlet.WebDriverContextCustomizerFactory$Customizer@4dd0d065, org.springframework.boot.test.context.filter.ExcludeFilterContextCustomizer@105633bc, org.springframework.boot.test.json.DuplicateJsonObjectContextCustomizerFactory$DuplicateJsonObjectContextCustomizer@2d31dd85, org.springframework.boot.test.mock.mockito.MockitoContextCustomizer@0, org.springframework.boot.test.web.client.TestRestTemplateContextCustomizer@72d40c1e, org.springframework.boot.test.context.SpringBootTestArgs@1, org.springframework.boot.test.context.SpringBootTestWebEnvironment@6f3da204], resourceBasePath = 'src/main/webapp', contextLoader = 'org.springframework.boot.test.context.SpringBootContextLoader', parent = [null]], attributes = map['org.springframework.test.context.web.ServletTestExecutionListener.activateListener' -> true]], class annotated with @DirtiesContext [false] with mode [null].
17:46:49.207 [Test worker] DEBUG org.springframework.test.context.support.TestPropertySourceUtils - Adding inlined properties to environment: {spring.jmx.enabled=false, org.springframework.boot.test.context.SpringBootTestContextBootstrapper=true}

  .   ____          _            __ _ _
 /\\ / ___'_ __ _ _(_)_ __  __ _ \ \ \ \
( ( )\___ | '_ | '_| | '_ \/ _` | \ \ \ \
 \\/  ___)| |_)| | | | | || (_| |  ) ) ) )
  '  |____| .__|_| |_|_| |_\__, | / / / /
 =========|_|==============|___/=/_/_/_/
 :: Spring Boot ::                (v2.4.2)

2021-04-17 17:46:49.898  INFO 63296 --- [    Test worker] o.m.f.service.DataValidityPeriodTests    : Starting DataValidityPeriodTests using Java 11.0.9 on DESKTOP-KCDHFKO with PID 63296 (started by nick1 in C:\Users\nick1\framesWeb-master)
2021-04-17 17:46:49.901  INFO 63296 --- [    Test worker] o.m.f.service.DataValidityPeriodTests    : No active profile set, falling back to default profiles: default
2021-04-17 17:46:51.769  INFO 63296 --- [    Test worker] .s.d.r.c.RepositoryConfigurationDelegate : Bootstrapping Spring Data JPA repositories in DEFAULT mode.
2021-04-17 17:46:52.042  INFO 63296 --- [    Test worker] .s.d.r.c.RepositoryConfigurationDelegate : Finished Spring Data repository scanning in 250 ms. Found 4 JPA repository interfaces.
2021-04-17 17:46:53.607  INFO 63296 --- [    Test worker] o.hibernate.jpa.internal.util.LogHelper  : HHH000204: Processing PersistenceUnitInfo [name: default]
2021-04-17 17:46:53.738  INFO 63296 --- [    Test worker] org.hibernate.Version                    : HHH000412: Hibernate ORM core version 5.4.27.Final
2021-04-17 17:46:54.128  INFO 63296 --- [    Test worker] o.hibernate.annotations.common.Version   : HCANN000001: Hibernate Commons Annotations {5.1.2.Final}
2021-04-17 17:46:54.446  INFO 63296 --- [    Test worker] com.zaxxer.hikari.HikariDataSource       : HikariPool-1 - Starting...
2021-04-17 17:46:55.030  INFO 63296 --- [    Test worker] com.zaxxer.hikari.HikariDataSource       : HikariPool-1 - Start completed.
2021-04-17 17:46:55.132  INFO 63296 --- [    Test worker] org.hibernate.dialect.Dialect            : HHH000400: Using dialect: org.hibernate.dialect.MySQL8Dialect
2021-04-17 17:46:57.058  INFO 63296 --- [    Test worker] o.h.e.t.j.p.i.JtaPlatformInitiator       : HHH000490: Using JtaPlatform implementation: [org.hibernate.engine.transaction.jta.platform.internal.NoJtaPlatform]
2021-04-17 17:46:57.074  INFO 63296 --- [    Test worker] j.LocalContainerEntityManagerFactoryBean : Initialized JPA EntityManagerFactory for persistence unit 'default'
2021-04-17 17:46:59.351  INFO 63296 --- [    Test worker] o.s.s.concurrent.ThreadPoolTaskExecutor  : Initializing ExecutorService 'clientInboundChannelExecutor'
2021-04-17 17:46:59.380  INFO 63296 --- [    Test worker] o.s.s.concurrent.ThreadPoolTaskExecutor  : Initializing ExecutorService 'clientOutboundChannelExecutor'
confiureMessageBroker 연동!!**
2021-04-17 17:46:59.385  INFO 63296 --- [    Test worker] o.s.s.concurrent.ThreadPoolTaskExecutor  : Initializing ExecutorService 'brokerChannelExecutor'
Hibernate: 
    select
        status0_.statusnum as statusnu1_3_,
        status0_.regdate as regdate2_3_,
        status0_.facility_bno as facility5_3_,
        status0_.member_mno as member_m6_3_,
        status0_.state as state3_3_,
        status0_.temperature as temperat4_3_ 
    from
        status status0_ 
    where
        status0_.regdate not between ? and ?
Hibernate: 
    select
        facility0_.bno as bno1_0_0_,
        facility0_.building as building2_0_0_ 
    from
        facility facility0_ 
    where
        facility0_.bno=?
Hibernate: 
    select
        member0_.mno as mno1_1_0_,
        member0_.name as name2_1_0_,
        member0_.phone as phone3_1_0_ 
    from
        member member0_ 
    where
        member0_.mno=?
Hibernate: 
    select
        facility0_.bno as bno1_0_0_,
        facility0_.building as building2_0_0_ 
    from
        facility facility0_ 
    where
        facility0_.bno=?
Hibernate: 
    select
        member0_.mno as mno1_1_0_,
        member0_.name as name2_1_0_,
        member0_.phone as phone3_1_0_ 
    from
        member member0_ 
    where
        member0_.mno=?
Hibernate: 
    select
        facility0_.bno as bno1_0_0_,
        facility0_.building as building2_0_0_ 
    from
        facility facility0_ 
    where
        facility0_.bno=?
Hibernate: 
    select
        member0_.mno as mno1_1_0_,
        member0_.name as name2_1_0_,
        member0_.phone as phone3_1_0_ 
    from
        member member0_ 
    where
        member0_.mno=?
Hibernate: 
    select
        member0_.mno as mno1_1_0_,
        member0_.name as name2_1_0_,
        member0_.phone as phone3_1_0_ 
    from
        member member0_ 
    where
        member0_.mno=?
Hibernate: 
    select
        facility0_.bno as bno1_0_0_,
        facility0_.building as building2_0_0_ 
    from
        facility facility0_ 
    where
        facility0_.bno=?
Hibernate: 
    select
        member0_.mno as mno1_1_0_,
        member0_.name as name2_1_0_,
        member0_.phone as phone3_1_0_ 
    from
        member member0_ 
    where
        member0_.mno=?
Hibernate: 
    select
        facility0_.bno as bno1_0_0_,
        facility0_.building as building2_0_0_ 
    from
        facility facility0_ 
    where
        facility0_.bno=?
Hibernate: 
    select
        member0_.mno as mno1_1_0_,
        member0_.name as name2_1_0_,
        member0_.phone as phone3_1_0_ 
    from
        member member0_ 
    where
        member0_.mno=?
Hibernate: 
    select
        member0_.mno as mno1_1_0_,
        member0_.name as name2_1_0_,
        member0_.phone as phone3_1_0_ 
    from
        member member0_ 
    where
        member0_.mno=?
Hibernate: 
    select
        member0_.mno as mno1_1_0_,
        member0_.name as name2_1_0_,
        member0_.phone as phone3_1_0_ 
    from
        member member0_ 
    where
        member0_.mno=?
Hibernate: 
    select
        member0_.mno as mno1_1_0_,
        member0_.name as name2_1_0_,
        member0_.phone as phone3_1_0_ 
    from
        member member0_ 
    where
        member0_.mno=?
Hibernate: 
    select
        facility0_.bno as bno1_0_0_,
        facility0_.building as building2_0_0_ 
    from
        facility facility0_ 
    where
        facility0_.bno=?
Hibernate: 
    select
        member0_.mno as mno1_1_0_,
        member0_.name as name2_1_0_,
        member0_.phone as phone3_1_0_ 
    from
        member member0_ 
    where
        member0_.mno=?
Hibernate: 
    select
        facility0_.bno as bno1_0_0_,
        facility0_.building as building2_0_0_ 
    from
        facility facility0_ 
    where
        facility0_.bno=?
Hibernate: 
    select
        member0_.mno as mno1_1_0_,
        member0_.name as name2_1_0_,
        member0_.phone as phone3_1_0_ 
    from
        member member0_ 
    where
        member0_.mno=?
Hibernate: 
    select
        member0_.mno as mno1_1_0_,
        member0_.name as name2_1_0_,
        member0_.phone as phone3_1_0_ 
    from
        member member0_ 
    where
        member0_.mno=?
Hibernate: 
    select
        member0_.mno as mno1_1_0_,
        member0_.name as name2_1_0_,
        member0_.phone as phone3_1_0_ 
    from
        member member0_ 
    where
        member0_.mno=?
Hibernate: 
    select
        member0_.mno as mno1_1_0_,
        member0_.name as name2_1_0_,
        member0_.phone as phone3_1_0_ 
    from
        member member0_ 
    where
        member0_.mno=?
Hibernate: 
    select
        member0_.mno as mno1_1_0_,
        member0_.name as name2_1_0_,
        member0_.phone as phone3_1_0_ 
    from
        member member0_ 
    where
        member0_.mno=?
Hibernate: 
    select
        facility0_.bno as bno1_0_0_,
        facility0_.building as building2_0_0_ 
    from
        facility facility0_ 
    where
        facility0_.bno=?
Hibernate: 
    select
        member0_.mno as mno1_1_0_,
        member0_.name as name2_1_0_,
        member0_.phone as phone3_1_0_ 
    from
        member member0_ 
    where
        member0_.mno=?
Hibernate: 
    select
        facility0_.bno as bno1_0_0_,
        facility0_.building as building2_0_0_ 
    from
        facility facility0_ 
    where
        facility0_.bno=?
Hibernate: 
    select
        member0_.mno as mno1_1_0_,
        member0_.name as name2_1_0_,
        member0_.phone as phone3_1_0_ 
    from
        member member0_ 
    where
        member0_.mno=?
Hibernate: 
    select
        member0_.mno as mno1_1_0_,
        member0_.name as name2_1_0_,
        member0_.phone as phone3_1_0_ 
    from
        member member0_ 
    where
        member0_.mno=?
Hibernate: 
    select
        member0_.mno as mno1_1_0_,
        member0_.name as name2_1_0_,
        member0_.phone as phone3_1_0_ 
    from
        member member0_ 
    where
        member0_.mno=?
Hibernate: 
    select
        member0_.mno as mno1_1_0_,
        member0_.name as name2_1_0_,
        member0_.phone as phone3_1_0_ 
    from
        member member0_ 
    where
        member0_.mno=?
Hibernate: 
    select
        member0_.mno as mno1_1_0_,
        member0_.name as name2_1_0_,
        member0_.phone as phone3_1_0_ 
    from
        member member0_ 
    where
        member0_.mno=?
Hibernate: 
    select
        member0_.mno as mno1_1_0_,
        member0_.name as name2_1_0_,
        member0_.phone as phone3_1_0_ 
    from
        member member0_ 
    where
        member0_.mno=?
Hibernate: 
    select
        member0_.mno as mno1_1_0_,
        member0_.name as name2_1_0_,
        member0_.phone as phone3_1_0_ 
    from
        member member0_ 
    where
        member0_.mno=?
Hibernate: 
    select
        member0_.mno as mno1_1_0_,
        member0_.name as name2_1_0_,
        member0_.phone as phone3_1_0_ 
    from
        member member0_ 
    where
        member0_.mno=?
Hibernate: 
    select
        member0_.mno as mno1_1_0_,
        member0_.name as name2_1_0_,
        member0_.phone as phone3_1_0_ 
    from
        member member0_ 
    where
        member0_.mno=?
Hibernate: 
    select
        member0_.mno as mno1_1_0_,
        member0_.name as name2_1_0_,
        member0_.phone as phone3_1_0_ 
    from
        member member0_ 
    where
        member0_.mno=?
Hibernate: 
    select
        member0_.mno as mno1_1_0_,
        member0_.name as name2_1_0_,
        member0_.phone as phone3_1_0_ 
    from
        member member0_ 
    where
        member0_.mno=?
Hibernate: 
    select
        member0_.mno as mno1_1_0_,
        member0_.name as name2_1_0_,
        member0_.phone as phone3_1_0_ 
    from
        member member0_ 
    where
        member0_.mno=?
Hibernate: 
    select
        member0_.mno as mno1_1_0_,
        member0_.name as name2_1_0_,
        member0_.phone as phone3_1_0_ 
    from
        member member0_ 
    where
        member0_.mno=?
Hibernate: 
    select
        member0_.mno as mno1_1_0_,
        member0_.name as name2_1_0_,
        member0_.phone as phone3_1_0_ 
    from
        member member0_ 
    where
        member0_.mno=?
Hibernate: 
    select
        member0_.mno as mno1_1_0_,
        member0_.name as name2_1_0_,
        member0_.phone as phone3_1_0_ 
    from
        member member0_ 
    where
        member0_.mno=?
Hibernate: 
    select
        member0_.mno as mno1_1_0_,
        member0_.name as name2_1_0_,
        member0_.phone as phone3_1_0_ 
    from
        member member0_ 
    where
        member0_.mno=?
Hibernate: 
    select
        member0_.mno as mno1_1_0_,
        member0_.name as name2_1_0_,
        member0_.phone as phone3_1_0_ 
    from
        member member0_ 
    where
        member0_.mno=?
Hibernate: 
    select
        member0_.mno as mno1_1_0_,
        member0_.name as name2_1_0_,
        member0_.phone as phone3_1_0_ 
    from
        member member0_ 
    where
        member0_.mno=?
Hibernate: 
    select
        member0_.mno as mno1_1_0_,
        member0_.name as name2_1_0_,
        member0_.phone as phone3_1_0_ 
    from
        member member0_ 
    where
        member0_.mno=?
Hibernate: 
    select
        member0_.mno as mno1_1_0_,
        member0_.name as name2_1_0_,
        member0_.phone as phone3_1_0_ 
    from
        member member0_ 
    where
        member0_.mno=?
Hibernate: 
    select
        member0_.mno as mno1_1_0_,
        member0_.name as name2_1_0_,
        member0_.phone as phone3_1_0_ 
    from
        member member0_ 
    where
        member0_.mno=?
Hibernate: 
    select
        member0_.mno as mno1_1_0_,
        member0_.name as name2_1_0_,
        member0_.phone as phone3_1_0_ 
    from
        member member0_ 
    where
        member0_.mno=?
Hibernate: 
    select
        member0_.mno as mno1_1_0_,
        member0_.name as name2_1_0_,
        member0_.phone as phone3_1_0_ 
    from
        member member0_ 
    where
        member0_.mno=?
Hibernate: 
    select
        member0_.mno as mno1_1_0_,
        member0_.name as name2_1_0_,
        member0_.phone as phone3_1_0_ 
    from
        member member0_ 
    where
        member0_.mno=?
Hibernate: 
    select
        member0_.mno as mno1_1_0_,
        member0_.name as name2_1_0_,
        member0_.phone as phone3_1_0_ 
    from
        member member0_ 
    where
        member0_.mno=?
Hibernate: 
    select
        member0_.mno as mno1_1_0_,
        member0_.name as name2_1_0_,
        member0_.phone as phone3_1_0_ 
    from
        member member0_ 
    where
        member0_.mno=?
Hibernate: 
    select
        member0_.mno as mno1_1_0_,
        member0_.name as name2_1_0_,
        member0_.phone as phone3_1_0_ 
    from
        member member0_ 
    where
        member0_.mno=?
Hibernate: 
    select
        member0_.mno as mno1_1_0_,
        member0_.name as name2_1_0_,
        member0_.phone as phone3_1_0_ 
    from
        member member0_ 
    where
        member0_.mno=?
Hibernate: 
    select
        member0_.mno as mno1_1_0_,
        member0_.name as name2_1_0_,
        member0_.phone as phone3_1_0_ 
    from
        member member0_ 
    where
        member0_.mno=?
Hibernate: 
    select
        facility0_.bno as bno1_0_0_,
        facility0_.building as building2_0_0_ 
    from
        facility facility0_ 
    where
        facility0_.bno=?
Hibernate: 
    select
        member0_.mno as mno1_1_0_,
        member0_.name as name2_1_0_,
        member0_.phone as phone3_1_0_ 
    from
        member member0_ 
    where
        member0_.mno=?
Hibernate: 
    select
        member0_.mno as mno1_1_0_,
        member0_.name as name2_1_0_,
        member0_.phone as phone3_1_0_ 
    from
        member member0_ 
    where
        member0_.mno=?
Hibernate: 
    select
        member0_.mno as mno1_1_0_,
        member0_.name as name2_1_0_,
        member0_.phone as phone3_1_0_ 
    from
        member member0_ 
    where
        member0_.mno=?
Hibernate: 
    select
        member0_.mno as mno1_1_0_,
        member0_.name as name2_1_0_,
        member0_.phone as phone3_1_0_ 
    from
        member member0_ 
    where
        member0_.mno=?
Hibernate: 
    select
        member0_.mno as mno1_1_0_,
        member0_.name as name2_1_0_,
        member0_.phone as phone3_1_0_ 
    from
        member member0_ 
    where
        member0_.mno=?
Hibernate: 
    select
        member0_.mno as mno1_1_0_,
        member0_.name as name2_1_0_,
        member0_.phone as phone3_1_0_ 
    from
        member member0_ 
    where
        member0_.mno=?
Hibernate: 
    select
        member0_.mno as mno1_1_0_,
        member0_.name as name2_1_0_,
        member0_.phone as phone3_1_0_ 
    from
        member member0_ 
    where
        member0_.mno=?
Hibernate: 
    select
        member0_.mno as mno1_1_0_,
        member0_.name as name2_1_0_,
        member0_.phone as phone3_1_0_ 
    from
        member member0_ 
    where
        member0_.mno=?
Hibernate: 
    select
        member0_.mno as mno1_1_0_,
        member0_.name as name2_1_0_,
        member0_.phone as phone3_1_0_ 
    from
        member member0_ 
    where
        member0_.mno=?
Hibernate: 
    select
        member0_.mno as mno1_1_0_,
        member0_.name as name2_1_0_,
        member0_.phone as phone3_1_0_ 
    from
        member member0_ 
    where
        member0_.mno=?
Hibernate: 
    select
        member0_.mno as mno1_1_0_,
        member0_.name as name2_1_0_,
        member0_.phone as phone3_1_0_ 
    from
        member member0_ 
    where
        member0_.mno=?
Hibernate: 
    select
        member0_.mno as mno1_1_0_,
        member0_.name as name2_1_0_,
        member0_.phone as phone3_1_0_ 
    from
        member member0_ 
    where
        member0_.mno=?
Hibernate: 
    select
        member0_.mno as mno1_1_0_,
        member0_.name as name2_1_0_,
        member0_.phone as phone3_1_0_ 
    from
        member member0_ 
    where
        member0_.mno=?
Hibernate: 
    select
        member0_.mno as mno1_1_0_,
        member0_.name as name2_1_0_,
        member0_.phone as phone3_1_0_ 
    from
        member member0_ 
    where
        member0_.mno=?
Hibernate: 
    select
        member0_.mno as mno1_1_0_,
        member0_.name as name2_1_0_,
        member0_.phone as phone3_1_0_ 
    from
        member member0_ 
    where
        member0_.mno=?
Hibernate: 
    select
        member0_.mno as mno1_1_0_,
        member0_.name as name2_1_0_,
        member0_.phone as phone3_1_0_ 
    from
        member member0_ 
    where
        member0_.mno=?
Hibernate: 
    select
        member0_.mno as mno1_1_0_,
        member0_.name as name2_1_0_,
        member0_.phone as phone3_1_0_ 
    from
        member member0_ 
    where
        member0_.mno=?
Hibernate: 
    select
        member0_.mno as mno1_1_0_,
        member0_.name as name2_1_0_,
        member0_.phone as phone3_1_0_ 
    from
        member member0_ 
    where
        member0_.mno=?
Hibernate: 
    select
        member0_.mno as mno1_1_0_,
        member0_.name as name2_1_0_,
        member0_.phone as phone3_1_0_ 
    from
        member member0_ 
    where
        member0_.mno=?
Hibernate: 
    select
        member0_.mno as mno1_1_0_,
        member0_.name as name2_1_0_,
        member0_.phone as phone3_1_0_ 
    from
        member member0_ 
    where
        member0_.mno=?
Hibernate: 
    select
        member0_.mno as mno1_1_0_,
        member0_.name as name2_1_0_,
        member0_.phone as phone3_1_0_ 
    from
        member member0_ 
    where
        member0_.mno=?
Hibernate: 
    select
        member0_.mno as mno1_1_0_,
        member0_.name as name2_1_0_,
        member0_.phone as phone3_1_0_ 
    from
        member member0_ 
    where
        member0_.mno=?
Hibernate: 
    select
        member0_.mno as mno1_1_0_,
        member0_.name as name2_1_0_,
        member0_.phone as phone3_1_0_ 
    from
        member member0_ 
    where
        member0_.mno=?
Hibernate: 
    select
        member0_.mno as mno1_1_0_,
        member0_.name as name2_1_0_,
        member0_.phone as phone3_1_0_ 
    from
        member member0_ 
    where
        member0_.mno=?
Hibernate: 
    select
        member0_.mno as mno1_1_0_,
        member0_.name as name2_1_0_,
        member0_.phone as phone3_1_0_ 
    from
        member member0_ 
    where
        member0_.mno=?
Hibernate: 
    select
        member0_.mno as mno1_1_0_,
        member0_.name as name2_1_0_,
        member0_.phone as phone3_1_0_ 
    from
        member member0_ 
    where
        member0_.mno=?
Hibernate: 
    select
        member0_.mno as mno1_1_0_,
        member0_.name as name2_1_0_,
        member0_.phone as phone3_1_0_ 
    from
        member member0_ 
    where
        member0_.mno=?
Hibernate: 
    select
        member0_.mno as mno1_1_0_,
        member0_.name as name2_1_0_,
        member0_.phone as phone3_1_0_ 
    from
        member member0_ 
    where
        member0_.mno=?
Hibernate: 
    select
        member0_.mno as mno1_1_0_,
        member0_.name as name2_1_0_,
        member0_.phone as phone3_1_0_ 
    from
        member member0_ 
    where
        member0_.mno=?
Hibernate: 
    select
        member0_.mno as mno1_1_0_,
        member0_.name as name2_1_0_,
        member0_.phone as phone3_1_0_ 
    from
        member member0_ 
    where
        member0_.mno=?
Hibernate: 
    select
        member0_.mno as mno1_1_0_,
        member0_.name as name2_1_0_,
        member0_.phone as phone3_1_0_ 
    from
        member member0_ 
    where
        member0_.mno=?
Hibernate: 
    select
        member0_.mno as mno1_1_0_,
        member0_.name as name2_1_0_,
        member0_.phone as phone3_1_0_ 
    from
        member member0_ 
    where
        member0_.mno=?
Hibernate: 
    select
        member0_.mno as mno1_1_0_,
        member0_.name as name2_1_0_,
        member0_.phone as phone3_1_0_ 
    from
        member member0_ 
    where
        member0_.mno=?
Hibernate: 
    select
        member0_.mno as mno1_1_0_,
        member0_.name as name2_1_0_,
        member0_.phone as phone3_1_0_ 
    from
        member member0_ 
    where
        member0_.mno=?
Hibernate: 
    select
        member0_.mno as mno1_1_0_,
        member0_.name as name2_1_0_,
        member0_.phone as phone3_1_0_ 
    from
        member member0_ 
    where
        member0_.mno=?
Hibernate: 
    select
        member0_.mno as mno1_1_0_,
        member0_.name as name2_1_0_,
        member0_.phone as phone3_1_0_ 
    from
        member member0_ 
    where
        member0_.mno=?
Hibernate: 
    select
        member0_.mno as mno1_1_0_,
        member0_.name as name2_1_0_,
        member0_.phone as phone3_1_0_ 
    from
        member member0_ 
    where
        member0_.mno=?
Hibernate: 
    select
        member0_.mno as mno1_1_0_,
        member0_.name as name2_1_0_,
        member0_.phone as phone3_1_0_ 
    from
        member member0_ 
    where
        member0_.mno=?
Hibernate: 
    select
        member0_.mno as mno1_1_0_,
        member0_.name as name2_1_0_,
        member0_.phone as phone3_1_0_ 
    from
        member member0_ 
    where
        member0_.mno=?
Hibernate: 
    select
        member0_.mno as mno1_1_0_,
        member0_.name as name2_1_0_,
        member0_.phone as phone3_1_0_ 
    from
        member member0_ 
    where
        member0_.mno=?
Hibernate: 
    select
        member0_.mno as mno1_1_0_,
        member0_.name as name2_1_0_,
        member0_.phone as phone3_1_0_ 
    from
        member member0_ 
    where
        member0_.mno=?
Hibernate: 
    select
        member0_.mno as mno1_1_0_,
        member0_.name as name2_1_0_,
        member0_.phone as phone3_1_0_ 
    from
        member member0_ 
    where
        member0_.mno=?
Hibernate: 
    select
        member0_.mno as mno1_1_0_,
        member0_.name as name2_1_0_,
        member0_.phone as phone3_1_0_ 
    from
        member member0_ 
    where
        member0_.mno=?
Hibernate: 
    select
        member0_.mno as mno1_1_0_,
        member0_.name as name2_1_0_,
        member0_.phone as phone3_1_0_ 
    from
        member member0_ 
    where
        member0_.mno=?
Hibernate: 
    select
        status0_.statusnum as statusnu1_3_0_,
        status0_.regdate as regdate2_3_0_,
        status0_.facility_bno as facility5_3_0_,
        status0_.member_mno as member_m6_3_0_,
        status0_.state as state3_3_0_,
        status0_.temperature as temperat4_3_0_,
        facility1_.bno as bno1_0_1_,
        facility1_.building as building2_0_1_,
        member2_.mno as mno1_1_2_,
        member2_.name as name2_1_2_,
        member2_.phone as phone3_1_2_ 
    from
        status status0_ 
    left outer join
        facility facility1_ 
            on status0_.facility_bno=facility1_.bno 
    left outer join
        member member2_ 
            on status0_.member_mno=member2_.mno 
    where
        status0_.statusnum=?
Hibernate: 
    select
        status0_.statusnum as statusnu1_3_0_,
        status0_.regdate as regdate2_3_0_,
        status0_.facility_bno as facility5_3_0_,
        status0_.member_mno as member_m6_3_0_,
        status0_.state as state3_3_0_,
        status0_.temperature as temperat4_3_0_,
        facility1_.bno as bno1_0_1_,
        facility1_.building as building2_0_1_,
        member2_.mno as mno1_1_2_,
        member2_.name as name2_1_2_,
        member2_.phone as phone3_1_2_ 
    from
        status status0_ 
    left outer join
        facility facility1_ 
            on status0_.facility_bno=facility1_.bno 
    left outer join
        member member2_ 
            on status0_.member_mno=member2_.mno 
    where
        status0_.statusnum=?
Hibernate: 
    select
        status0_.statusnum as statusnu1_3_0_,
        status0_.regdate as regdate2_3_0_,
        status0_.facility_bno as facility5_3_0_,
        status0_.member_mno as member_m6_3_0_,
        status0_.state as state3_3_0_,
        status0_.temperature as temperat4_3_0_,
        facility1_.bno as bno1_0_1_,
        facility1_.building as building2_0_1_,
        member2_.mno as mno1_1_2_,
        member2_.name as name2_1_2_,
        member2_.phone as phone3_1_2_ 
    from
        status status0_ 
    left outer join
        facility facility1_ 
            on status0_.facility_bno=facility1_.bno 
    left outer join
        member member2_ 
            on status0_.member_mno=member2_.mno 
    where
        status0_.statusnum=?
Hibernate: 
    select
        status0_.statusnum as statusnu1_3_0_,
        status0_.regdate as regdate2_3_0_,
        status0_.facility_bno as facility5_3_0_,
        status0_.member_mno as member_m6_3_0_,
        status0_.state as state3_3_0_,
        status0_.temperature as temperat4_3_0_,
        facility1_.bno as bno1_0_1_,
        facility1_.building as building2_0_1_,
        member2_.mno as mno1_1_2_,
        member2_.name as name2_1_2_,
        member2_.phone as phone3_1_2_ 
    from
        status status0_ 
    left outer join
        facility facility1_ 
            on status0_.facility_bno=facility1_.bno 
    left outer join
        member member2_ 
            on status0_.member_mno=member2_.mno 
    where
        status0_.statusnum=?
Hibernate: 
    select
        status0_.statusnum as statusnu1_3_0_,
        status0_.regdate as regdate2_3_0_,
        status0_.facility_bno as facility5_3_0_,
        status0_.member_mno as member_m6_3_0_,
        status0_.state as state3_3_0_,
        status0_.temperature as temperat4_3_0_,
        facility1_.bno as bno1_0_1_,
        facility1_.building as building2_0_1_,
        member2_.mno as mno1_1_2_,
        member2_.name as name2_1_2_,
        member2_.phone as phone3_1_2_ 
    from
        status status0_ 
    left outer join
        facility facility1_ 
            on status0_.facility_bno=facility1_.bno 
    left outer join
        member member2_ 
            on status0_.member_mno=member2_.mno 
    where
        status0_.statusnum=?
Hibernate: 
    select
        status0_.statusnum as statusnu1_3_0_,
        status0_.regdate as regdate2_3_0_,
        status0_.facility_bno as facility5_3_0_,
        status0_.member_mno as member_m6_3_0_,
        status0_.state as state3_3_0_,
        status0_.temperature as temperat4_3_0_,
        facility1_.bno as bno1_0_1_,
        facility1_.building as building2_0_1_,
        member2_.mno as mno1_1_2_,
        member2_.name as name2_1_2_,
        member2_.phone as phone3_1_2_ 
    from
        status status0_ 
    left outer join
        facility facility1_ 
            on status0_.facility_bno=facility1_.bno 
    left outer join
        member member2_ 
            on status0_.member_mno=member2_.mno 
    where
        status0_.statusnum=?
Hibernate: 
    select
        status0_.statusnum as statusnu1_3_0_,
        status0_.regdate as regdate2_3_0_,
        status0_.facility_bno as facility5_3_0_,
        status0_.member_mno as member_m6_3_0_,
        status0_.state as state3_3_0_,
        status0_.temperature as temperat4_3_0_,
        facility1_.bno as bno1_0_1_,
        facility1_.building as building2_0_1_,
        member2_.mno as mno1_1_2_,
        member2_.name as name2_1_2_,
        member2_.phone as phone3_1_2_ 
    from
        status status0_ 
    left outer join
        facility facility1_ 
            on status0_.facility_bno=facility1_.bno 
    left outer join
        member member2_ 
            on status0_.member_mno=member2_.mno 
    where
        status0_.statusnum=?
Hibernate: 
    select
        status0_.statusnum as statusnu1_3_0_,
        status0_.regdate as regdate2_3_0_,
        status0_.facility_bno as facility5_3_0_,
        status0_.member_mno as member_m6_3_0_,
        status0_.state as state3_3_0_,
        status0_.temperature as temperat4_3_0_,
        facility1_.bno as bno1_0_1_,
        facility1_.building as building2_0_1_,
        member2_.mno as mno1_1_2_,
        member2_.name as name2_1_2_,
        member2_.phone as phone3_1_2_ 
    from
        status status0_ 
    left outer join
        facility facility1_ 
            on status0_.facility_bno=facility1_.bno 
    left outer join
        member member2_ 
            on status0_.member_mno=member2_.mno 
    where
        status0_.statusnum=?
Hibernate: 
    select
        status0_.statusnum as statusnu1_3_0_,
        status0_.regdate as regdate2_3_0_,
        status0_.facility_bno as facility5_3_0_,
        status0_.member_mno as member_m6_3_0_,
        status0_.state as state3_3_0_,
        status0_.temperature as temperat4_3_0_,
        facility1_.bno as bno1_0_1_,
        facility1_.building as building2_0_1_,
        member2_.mno as mno1_1_2_,
        member2_.name as name2_1_2_,
        member2_.phone as phone3_1_2_ 
    from
        status status0_ 
    left outer join
        facility facility1_ 
            on status0_.facility_bno=facility1_.bno 
    left outer join
        member member2_ 
            on status0_.member_mno=member2_.mno 
    where
        status0_.statusnum=?
Hibernate: 
    select
        status0_.statusnum as statusnu1_3_0_,
        status0_.regdate as regdate2_3_0_,
        status0_.facility_bno as facility5_3_0_,
        status0_.member_mno as member_m6_3_0_,
        status0_.state as state3_3_0_,
        status0_.temperature as temperat4_3_0_,
        facility1_.bno as bno1_0_1_,
        facility1_.building as building2_0_1_,
        member2_.mno as mno1_1_2_,
        member2_.name as name2_1_2_,
        member2_.phone as phone3_1_2_ 
    from
        status status0_ 
    left outer join
        facility facility1_ 
            on status0_.facility_bno=facility1_.bno 
    left outer join
        member member2_ 
            on status0_.member_mno=member2_.mno 
    where
        status0_.statusnum=?
Hibernate: 
    select
        status0_.statusnum as statusnu1_3_0_,
        status0_.regdate as regdate2_3_0_,
        status0_.facility_bno as facility5_3_0_,
        status0_.member_mno as member_m6_3_0_,
        status0_.state as state3_3_0_,
        status0_.temperature as temperat4_3_0_,
        facility1_.bno as bno1_0_1_,
        facility1_.building as building2_0_1_,
        member2_.mno as mno1_1_2_,
        member2_.name as name2_1_2_,
        member2_.phone as phone3_1_2_ 
    from
        status status0_ 
    left outer join
        facility facility1_ 
            on status0_.facility_bno=facility1_.bno 
    left outer join
        member member2_ 
            on status0_.member_mno=member2_.mno 
    where
        status0_.statusnum=?
Hibernate: 
    select
        status0_.statusnum as statusnu1_3_0_,
        status0_.regdate as regdate2_3_0_,
        status0_.facility_bno as facility5_3_0_,
        status0_.member_mno as member_m6_3_0_,
        status0_.state as state3_3_0_,
        status0_.temperature as temperat4_3_0_,
        facility1_.bno as bno1_0_1_,
        facility1_.building as building2_0_1_,
        member2_.mno as mno1_1_2_,
        member2_.name as name2_1_2_,
        member2_.phone as phone3_1_2_ 
    from
        status status0_ 
    left outer join
        facility facility1_ 
            on status0_.facility_bno=facility1_.bno 
    left outer join
        member member2_ 
            on status0_.member_mno=member2_.mno 
    where
        status0_.statusnum=?
Hibernate: 
    select
        status0_.statusnum as statusnu1_3_0_,
        status0_.regdate as regdate2_3_0_,
        status0_.facility_bno as facility5_3_0_,
        status0_.member_mno as member_m6_3_0_,
        status0_.state as state3_3_0_,
        status0_.temperature as temperat4_3_0_,
        facility1_.bno as bno1_0_1_,
        facility1_.building as building2_0_1_,
        member2_.mno as mno1_1_2_,
        member2_.name as name2_1_2_,
        member2_.phone as phone3_1_2_ 
    from
        status status0_ 
    left outer join
        facility facility1_ 
            on status0_.facility_bno=facility1_.bno 
    left outer join
        member member2_ 
            on status0_.member_mno=member2_.mno 
    where
        status0_.statusnum=?
Hibernate: 
    select
        status0_.statusnum as statusnu1_3_0_,
        status0_.regdate as regdate2_3_0_,
        status0_.facility_bno as facility5_3_0_,
        status0_.member_mno as member_m6_3_0_,
        status0_.state as state3_3_0_,
        status0_.temperature as temperat4_3_0_,
        facility1_.bno as bno1_0_1_,
        facility1_.building as building2_0_1_,
        member2_.mno as mno1_1_2_,
        member2_.name as name2_1_2_,
        member2_.phone as phone3_1_2_ 
    from
        status status0_ 
    left outer join
        facility facility1_ 
            on status0_.facility_bno=facility1_.bno 
    left outer join
        member member2_ 
            on status0_.member_mno=member2_.mno 
    where
        status0_.statusnum=?
Hibernate: 
    select
        status0_.statusnum as statusnu1_3_0_,
        status0_.regdate as regdate2_3_0_,
        status0_.facility_bno as facility5_3_0_,
        status0_.member_mno as member_m6_3_0_,
        status0_.state as state3_3_0_,
        status0_.temperature as temperat4_3_0_,
        facility1_.bno as bno1_0_1_,
        facility1_.building as building2_0_1_,
        member2_.mno as mno1_1_2_,
        member2_.name as name2_1_2_,
        member2_.phone as phone3_1_2_ 
    from
        status status0_ 
    left outer join
        facility facility1_ 
            on status0_.facility_bno=facility1_.bno 
    left outer join
        member member2_ 
            on status0_.member_mno=member2_.mno 
    where
        status0_.statusnum=?
Hibernate: 
    select
        status0_.statusnum as statusnu1_3_0_,
        status0_.regdate as regdate2_3_0_,
        status0_.facility_bno as facility5_3_0_,
        status0_.member_mno as member_m6_3_0_,
        status0_.state as state3_3_0_,
        status0_.temperature as temperat4_3_0_,
        facility1_.bno as bno1_0_1_,
        facility1_.building as building2_0_1_,
        member2_.mno as mno1_1_2_,
        member2_.name as name2_1_2_,
        member2_.phone as phone3_1_2_ 
    from
        status status0_ 
    left outer join
        facility facility1_ 
            on status0_.facility_bno=facility1_.bno 
    left outer join
        member member2_ 
            on status0_.member_mno=member2_.mno 
    where
        status0_.statusnum=?
Hibernate: 
    select
        status0_.statusnum as statusnu1_3_0_,
        status0_.regdate as regdate2_3_0_,
        status0_.facility_bno as facility5_3_0_,
        status0_.member_mno as member_m6_3_0_,
        status0_.state as state3_3_0_,
        status0_.temperature as temperat4_3_0_,
        facility1_.bno as bno1_0_1_,
        facility1_.building as building2_0_1_,
        member2_.mno as mno1_1_2_,
        member2_.name as name2_1_2_,
        member2_.phone as phone3_1_2_ 
    from
        status status0_ 
    left outer join
        facility facility1_ 
            on status0_.facility_bno=facility1_.bno 
    left outer join
        member member2_ 
            on status0_.member_mno=member2_.mno 
    where
        status0_.statusnum=?
Hibernate: 
    select
        status0_.statusnum as statusnu1_3_0_,
        status0_.regdate as regdate2_3_0_,
        status0_.facility_bno as facility5_3_0_,
        status0_.member_mno as member_m6_3_0_,
        status0_.state as state3_3_0_,
        status0_.temperature as temperat4_3_0_,
        facility1_.bno as bno1_0_1_,
        facility1_.building as building2_0_1_,
        member2_.mno as mno1_1_2_,
        member2_.name as name2_1_2_,
        member2_.phone as phone3_1_2_ 
    from
        status status0_ 
    left outer join
        facility facility1_ 
            on status0_.facility_bno=facility1_.bno 
    left outer join
        member member2_ 
            on status0_.member_mno=member2_.mno 
    where
        status0_.statusnum=?
Hibernate: 
    select
        status0_.statusnum as statusnu1_3_0_,
        status0_.regdate as regdate2_3_0_,
        status0_.facility_bno as facility5_3_0_,
        status0_.member_mno as member_m6_3_0_,
        status0_.state as state3_3_0_,
        status0_.temperature as temperat4_3_0_,
        facility1_.bno as bno1_0_1_,
        facility1_.building as building2_0_1_,
        member2_.mno as mno1_1_2_,
        member2_.name as name2_1_2_,
        member2_.phone as phone3_1_2_ 
    from
        status status0_ 
    left outer join
        facility facility1_ 
            on status0_.facility_bno=facility1_.bno 
    left outer join
        member member2_ 
            on status0_.member_mno=member2_.mno 
    where
        status0_.statusnum=?
Hibernate: 
    select
        status0_.statusnum as statusnu1_3_0_,
        status0_.regdate as regdate2_3_0_,
        status0_.facility_bno as facility5_3_0_,
        status0_.member_mno as member_m6_3_0_,
        status0_.state as state3_3_0_,
        status0_.temperature as temperat4_3_0_,
        facility1_.bno as bno1_0_1_,
        facility1_.building as building2_0_1_,
        member2_.mno as mno1_1_2_,
        member2_.name as name2_1_2_,
        member2_.phone as phone3_1_2_ 
    from
        status status0_ 
    left outer join
        facility facility1_ 
            on status0_.facility_bno=facility1_.bno 
    left outer join
        member member2_ 
            on status0_.member_mno=member2_.mno 
    where
        status0_.statusnum=?
Hibernate: 
    select
        status0_.statusnum as statusnu1_3_0_,
        status0_.regdate as regdate2_3_0_,
        status0_.facility_bno as facility5_3_0_,
        status0_.member_mno as member_m6_3_0_,
        status0_.state as state3_3_0_,
        status0_.temperature as temperat4_3_0_,
        facility1_.bno as bno1_0_1_,
        facility1_.building as building2_0_1_,
        member2_.mno as mno1_1_2_,
        member2_.name as name2_1_2_,
        member2_.phone as phone3_1_2_ 
    from
        status status0_ 
    left outer join
        facility facility1_ 
            on status0_.facility_bno=facility1_.bno 
    left outer join
        member member2_ 
            on status0_.member_mno=member2_.mno 
    where
        status0_.statusnum=?
Hibernate: 
    select
        status0_.statusnum as statusnu1_3_0_,
        status0_.regdate as regdate2_3_0_,
        status0_.facility_bno as facility5_3_0_,
        status0_.member_mno as member_m6_3_0_,
        status0_.state as state3_3_0_,
        status0_.temperature as temperat4_3_0_,
        facility1_.bno as bno1_0_1_,
        facility1_.building as building2_0_1_,
        member2_.mno as mno1_1_2_,
        member2_.name as name2_1_2_,
        member2_.phone as phone3_1_2_ 
    from
        status status0_ 
    left outer join
        facility facility1_ 
            on status0_.facility_bno=facility1_.bno 
    left outer join
        member member2_ 
            on status0_.member_mno=member2_.mno 
    where
        status0_.statusnum=?
Hibernate: 
    select
        status0_.statusnum as statusnu1_3_0_,
        status0_.regdate as regdate2_3_0_,
        status0_.facility_bno as facility5_3_0_,
        status0_.member_mno as member_m6_3_0_,
        status0_.state as state3_3_0_,
        status0_.temperature as temperat4_3_0_,
        facility1_.bno as bno1_0_1_,
        facility1_.building as building2_0_1_,
        member2_.mno as mno1_1_2_,
        member2_.name as name2_1_2_,
        member2_.phone as phone3_1_2_ 
    from
        status status0_ 
    left outer join
        facility facility1_ 
            on status0_.facility_bno=facility1_.bno 
    left outer join
        member member2_ 
            on status0_.member_mno=member2_.mno 
    where
        status0_.statusnum=?
Hibernate: 
    select
        status0_.statusnum as statusnu1_3_0_,
        status0_.regdate as regdate2_3_0_,
        status0_.facility_bno as facility5_3_0_,
        status0_.member_mno as member_m6_3_0_,
        status0_.state as state3_3_0_,
        status0_.temperature as temperat4_3_0_,
        facility1_.bno as bno1_0_1_,
        facility1_.building as building2_0_1_,
        member2_.mno as mno1_1_2_,
        member2_.name as name2_1_2_,
        member2_.phone as phone3_1_2_ 
    from
        status status0_ 
    left outer join
        facility facility1_ 
            on status0_.facility_bno=facility1_.bno 
    left outer join
        member member2_ 
            on status0_.member_mno=member2_.mno 
    where
        status0_.statusnum=?
Hibernate: 
    select
        status0_.statusnum as statusnu1_3_0_,
        status0_.regdate as regdate2_3_0_,
        status0_.facility_bno as facility5_3_0_,
        status0_.member_mno as member_m6_3_0_,
        status0_.state as state3_3_0_,
        status0_.temperature as temperat4_3_0_,
        facility1_.bno as bno1_0_1_,
        facility1_.building as building2_0_1_,
        member2_.mno as mno1_1_2_,
        member2_.name as name2_1_2_,
        member2_.phone as phone3_1_2_ 
    from
        status status0_ 
    left outer join
        facility facility1_ 
            on status0_.facility_bno=facility1_.bno 
    left outer join
        member member2_ 
            on status0_.member_mno=member2_.mno 
    where
        status0_.statusnum=?
Hibernate: 
    select
        status0_.statusnum as statusnu1_3_0_,
        status0_.regdate as regdate2_3_0_,
        status0_.facility_bno as facility5_3_0_,
        status0_.member_mno as member_m6_3_0_,
        status0_.state as state3_3_0_,
        status0_.temperature as temperat4_3_0_,
        facility1_.bno as bno1_0_1_,
        facility1_.building as building2_0_1_,
        member2_.mno as mno1_1_2_,
        member2_.name as name2_1_2_,
        member2_.phone as phone3_1_2_ 
    from
        status status0_ 
    left outer join
        facility facility1_ 
            on status0_.facility_bno=facility1_.bno 
    left outer join
        member member2_ 
            on status0_.member_mno=member2_.mno 
    where
        status0_.statusnum=?
Hibernate: 
    select
        status0_.statusnum as statusnu1_3_0_,
        status0_.regdate as regdate2_3_0_,
        status0_.facility_bno as facility5_3_0_,
        status0_.member_mno as member_m6_3_0_,
        status0_.state as state3_3_0_,
        status0_.temperature as temperat4_3_0_,
        facility1_.bno as bno1_0_1_,
        facility1_.building as building2_0_1_,
        member2_.mno as mno1_1_2_,
        member2_.name as name2_1_2_,
        member2_.phone as phone3_1_2_ 
    from
        status status0_ 
    left outer join
        facility facility1_ 
            on status0_.facility_bno=facility1_.bno 
    left outer join
        member member2_ 
            on status0_.member_mno=member2_.mno 
    where
        status0_.statusnum=?
Hibernate: 
    select
        status0_.statusnum as statusnu1_3_0_,
        status0_.regdate as regdate2_3_0_,
        status0_.facility_bno as facility5_3_0_,
        status0_.member_mno as member_m6_3_0_,
        status0_.state as state3_3_0_,
        status0_.temperature as temperat4_3_0_,
        facility1_.bno as bno1_0_1_,
        facility1_.building as building2_0_1_,
        member2_.mno as mno1_1_2_,
        member2_.name as name2_1_2_,
        member2_.phone as phone3_1_2_ 
    from
        status status0_ 
    left outer join
        facility facility1_ 
            on status0_.facility_bno=facility1_.bno 
    left outer join
        member member2_ 
            on status0_.member_mno=member2_.mno 
    where
        status0_.statusnum=?
Hibernate: 
    select
        status0_.statusnum as statusnu1_3_0_,
        status0_.regdate as regdate2_3_0_,
        status0_.facility_bno as facility5_3_0_,
        status0_.member_mno as member_m6_3_0_,
        status0_.state as state3_3_0_,
        status0_.temperature as temperat4_3_0_,
        facility1_.bno as bno1_0_1_,
        facility1_.building as building2_0_1_,
        member2_.mno as mno1_1_2_,
        member2_.name as name2_1_2_,
        member2_.phone as phone3_1_2_ 
    from
        status status0_ 
    left outer join
        facility facility1_ 
            on status0_.facility_bno=facility1_.bno 
    left outer join
        member member2_ 
            on status0_.member_mno=member2_.mno 
    where
        status0_.statusnum=?
Hibernate: 
    select
        status0_.statusnum as statusnu1_3_0_,
        status0_.regdate as regdate2_3_0_,
        status0_.facility_bno as facility5_3_0_,
        status0_.member_mno as member_m6_3_0_,
        status0_.state as state3_3_0_,
        status0_.temperature as temperat4_3_0_,
        facility1_.bno as bno1_0_1_,
        facility1_.building as building2_0_1_,
        member2_.mno as mno1_1_2_,
        member2_.name as name2_1_2_,
        member2_.phone as phone3_1_2_ 
    from
        status status0_ 
    left outer join
        facility facility1_ 
            on status0_.facility_bno=facility1_.bno 
    left outer join
        member member2_ 
            on status0_.member_mno=member2_.mno 
    where
        status0_.statusnum=?
Hibernate: 
    select
        status0_.statusnum as statusnu1_3_0_,
        status0_.regdate as regdate2_3_0_,
        status0_.facility_bno as facility5_3_0_,
        status0_.member_mno as member_m6_3_0_,
        status0_.state as state3_3_0_,
        status0_.temperature as temperat4_3_0_,
        facility1_.bno as bno1_0_1_,
        facility1_.building as building2_0_1_,
        member2_.mno as mno1_1_2_,
        member2_.name as name2_1_2_,
        member2_.phone as phone3_1_2_ 
    from
        status status0_ 
    left outer join
        facility facility1_ 
            on status0_.facility_bno=facility1_.bno 
    left outer join
        member member2_ 
            on status0_.member_mno=member2_.mno 
    where
        status0_.statusnum=?
Hibernate: 
    select
        status0_.statusnum as statusnu1_3_0_,
        status0_.regdate as regdate2_3_0_,
        status0_.facility_bno as facility5_3_0_,
        status0_.member_mno as member_m6_3_0_,
        status0_.state as state3_3_0_,
        status0_.temperature as temperat4_3_0_,
        facility1_.bno as bno1_0_1_,
        facility1_.building as building2_0_1_,
        member2_.mno as mno1_1_2_,
        member2_.name as name2_1_2_,
        member2_.phone as phone3_1_2_ 
    from
        status status0_ 
    left outer join
        facility facility1_ 
            on status0_.facility_bno=facility1_.bno 
    left outer join
        member member2_ 
            on status0_.member_mno=member2_.mno 
    where
        status0_.statusnum=?
Hibernate: 
    select
        status0_.statusnum as statusnu1_3_0_,
        status0_.regdate as regdate2_3_0_,
        status0_.facility_bno as facility5_3_0_,
        status0_.member_mno as member_m6_3_0_,
        status0_.state as state3_3_0_,
        status0_.temperature as temperat4_3_0_,
        facility1_.bno as bno1_0_1_,
        facility1_.building as building2_0_1_,
        member2_.mno as mno1_1_2_,
        member2_.name as name2_1_2_,
        member2_.phone as phone3_1_2_ 
    from
        status status0_ 
    left outer join
        facility facility1_ 
            on status0_.facility_bno=facility1_.bno 
    left outer join
        member member2_ 
            on status0_.member_mno=member2_.mno 
    where
        status0_.statusnum=?
Hibernate: 
    select
        status0_.statusnum as statusnu1_3_0_,
        status0_.regdate as regdate2_3_0_,
        status0_.facility_bno as facility5_3_0_,
        status0_.member_mno as member_m6_3_0_,
        status0_.state as state3_3_0_,
        status0_.temperature as temperat4_3_0_,
        facility1_.bno as bno1_0_1_,
        facility1_.building as building2_0_1_,
        member2_.mno as mno1_1_2_,
        member2_.name as name2_1_2_,
        member2_.phone as phone3_1_2_ 
    from
        status status0_ 
    left outer join
        facility facility1_ 
            on status0_.facility_bno=facility1_.bno 
    left outer join
        member member2_ 
            on status0_.member_mno=member2_.mno 
    where
        status0_.statusnum=?
Hibernate: 
    select
        status0_.statusnum as statusnu1_3_0_,
        status0_.regdate as regdate2_3_0_,
        status0_.facility_bno as facility5_3_0_,
        status0_.member_mno as member_m6_3_0_,
        status0_.state as state3_3_0_,
        status0_.temperature as temperat4_3_0_,
        facility1_.bno as bno1_0_1_,
        facility1_.building as building2_0_1_,
        member2_.mno as mno1_1_2_,
        member2_.name as name2_1_2_,
        member2_.phone as phone3_1_2_ 
    from
        status status0_ 
    left outer join
        facility facility1_ 
            on status0_.facility_bno=facility1_.bno 
    left outer join
        member member2_ 
            on status0_.member_mno=member2_.mno 
    where
        status0_.statusnum=?
Hibernate: 
    select
        status0_.statusnum as statusnu1_3_0_,
        status0_.regdate as regdate2_3_0_,
        status0_.facility_bno as facility5_3_0_,
        status0_.member_mno as member_m6_3_0_,
        status0_.state as state3_3_0_,
        status0_.temperature as temperat4_3_0_,
        facility1_.bno as bno1_0_1_,
        facility1_.building as building2_0_1_,
        member2_.mno as mno1_1_2_,
        member2_.name as name2_1_2_,
        member2_.phone as phone3_1_2_ 
    from
        status status0_ 
    left outer join
        facility facility1_ 
            on status0_.facility_bno=facility1_.bno 
    left outer join
        member member2_ 
            on status0_.member_mno=member2_.mno 
    where
        status0_.statusnum=?
Hibernate: 
    select
        status0_.statusnum as statusnu1_3_0_,
        status0_.regdate as regdate2_3_0_,
        status0_.facility_bno as facility5_3_0_,
        status0_.member_mno as member_m6_3_0_,
        status0_.state as state3_3_0_,
        status0_.temperature as temperat4_3_0_,
        facility1_.bno as bno1_0_1_,
        facility1_.building as building2_0_1_,
        member2_.mno as mno1_1_2_,
        member2_.name as name2_1_2_,
        member2_.phone as phone3_1_2_ 
    from
        status status0_ 
    left outer join
        facility facility1_ 
            on status0_.facility_bno=facility1_.bno 
    left outer join
        member member2_ 
            on status0_.member_mno=member2_.mno 
    where
        status0_.statusnum=?
Hibernate: 
    select
        status0_.statusnum as statusnu1_3_0_,
        status0_.regdate as regdate2_3_0_,
        status0_.facility_bno as facility5_3_0_,
        status0_.member_mno as member_m6_3_0_,
        status0_.state as state3_3_0_,
        status0_.temperature as temperat4_3_0_,
        facility1_.bno as bno1_0_1_,
        facility1_.building as building2_0_1_,
        member2_.mno as mno1_1_2_,
        member2_.name as name2_1_2_,
        member2_.phone as phone3_1_2_ 
    from
        status status0_ 
    left outer join
        facility facility1_ 
            on status0_.facility_bno=facility1_.bno 
    left outer join
        member member2_ 
            on status0_.member_mno=member2_.mno 
    where
        status0_.statusnum=?
Hibernate: 
    select
        status0_.statusnum as statusnu1_3_0_,
        status0_.regdate as regdate2_3_0_,
        status0_.facility_bno as facility5_3_0_,
        status0_.member_mno as member_m6_3_0_,
        status0_.state as state3_3_0_,
        status0_.temperature as temperat4_3_0_,
        facility1_.bno as bno1_0_1_,
        facility1_.building as building2_0_1_,
        member2_.mno as mno1_1_2_,
        member2_.name as name2_1_2_,
        member2_.phone as phone3_1_2_ 
    from
        status status0_ 
    left outer join
        facility facility1_ 
            on status0_.facility_bno=facility1_.bno 
    left outer join
        member member2_ 
            on status0_.member_mno=member2_.mno 
    where
        status0_.statusnum=?
Hibernate: 
    select
        status0_.statusnum as statusnu1_3_0_,
        status0_.regdate as regdate2_3_0_,
        status0_.facility_bno as facility5_3_0_,
        status0_.member_mno as member_m6_3_0_,
        status0_.state as state3_3_0_,
        status0_.temperature as temperat4_3_0_,
        facility1_.bno as bno1_0_1_,
        facility1_.building as building2_0_1_,
        member2_.mno as mno1_1_2_,
        member2_.name as name2_1_2_,
        member2_.phone as phone3_1_2_ 
    from
        status status0_ 
    left outer join
        facility facility1_ 
            on status0_.facility_bno=facility1_.bno 
    left outer join
        member member2_ 
            on status0_.member_mno=member2_.mno 
    where
        status0_.statusnum=?
Hibernate: 
    select
        status0_.statusnum as statusnu1_3_0_,
        status0_.regdate as regdate2_3_0_,
        status0_.facility_bno as facility5_3_0_,
        status0_.member_mno as member_m6_3_0_,
        status0_.state as state3_3_0_,
        status0_.temperature as temperat4_3_0_,
        facility1_.bno as bno1_0_1_,
        facility1_.building as building2_0_1_,
        member2_.mno as mno1_1_2_,
        member2_.name as name2_1_2_,
        member2_.phone as phone3_1_2_ 
    from
        status status0_ 
    left outer join
        facility facility1_ 
            on status0_.facility_bno=facility1_.bno 
    left outer join
        member member2_ 
            on status0_.member_mno=member2_.mno 
    where
        status0_.statusnum=?
Hibernate: 
    select
        status0_.statusnum as statusnu1_3_0_,
        status0_.regdate as regdate2_3_0_,
        status0_.facility_bno as facility5_3_0_,
        status0_.member_mno as member_m6_3_0_,
        status0_.state as state3_3_0_,
        status0_.temperature as temperat4_3_0_,
        facility1_.bno as bno1_0_1_,
        facility1_.building as building2_0_1_,
        member2_.mno as mno1_1_2_,
        member2_.name as name2_1_2_,
        member2_.phone as phone3_1_2_ 
    from
        status status0_ 
    left outer join
        facility facility1_ 
            on status0_.facility_bno=facility1_.bno 
    left outer join
        member member2_ 
            on status0_.member_mno=member2_.mno 
    where
        status0_.statusnum=?
Hibernate: 
    select
        status0_.statusnum as statusnu1_3_0_,
        status0_.regdate as regdate2_3_0_,
        status0_.facility_bno as facility5_3_0_,
        status0_.member_mno as member_m6_3_0_,
        status0_.state as state3_3_0_,
        status0_.temperature as temperat4_3_0_,
        facility1_.bno as bno1_0_1_,
        facility1_.building as building2_0_1_,
        member2_.mno as mno1_1_2_,
        member2_.name as name2_1_2_,
        member2_.phone as phone3_1_2_ 
    from
        status status0_ 
    left outer join
        facility facility1_ 
            on status0_.facility_bno=facility1_.bno 
    left outer join
        member member2_ 
            on status0_.member_mno=member2_.mno 
    where
        status0_.statusnum=?
Hibernate: 
    select
        status0_.statusnum as statusnu1_3_0_,
        status0_.regdate as regdate2_3_0_,
        status0_.facility_bno as facility5_3_0_,
        status0_.member_mno as member_m6_3_0_,
        status0_.state as state3_3_0_,
        status0_.temperature as temperat4_3_0_,
        facility1_.bno as bno1_0_1_,
        facility1_.building as building2_0_1_,
        member2_.mno as mno1_1_2_,
        member2_.name as name2_1_2_,
        member2_.phone as phone3_1_2_ 
    from
        status status0_ 
    left outer join
        facility facility1_ 
            on status0_.facility_bno=facility1_.bno 
    left outer join
        member member2_ 
            on status0_.member_mno=member2_.mno 
    where
        status0_.statusnum=?
Hibernate: 
    select
        status0_.statusnum as statusnu1_3_0_,
        status0_.regdate as regdate2_3_0_,
        status0_.facility_bno as facility5_3_0_,
        status0_.member_mno as member_m6_3_0_,
        status0_.state as state3_3_0_,
        status0_.temperature as temperat4_3_0_,
        facility1_.bno as bno1_0_1_,
        facility1_.building as building2_0_1_,
        member2_.mno as mno1_1_2_,
        member2_.name as name2_1_2_,
        member2_.phone as phone3_1_2_ 
    from
        status status0_ 
    left outer join
        facility facility1_ 
            on status0_.facility_bno=facility1_.bno 
    left outer join
        member member2_ 
            on status0_.member_mno=member2_.mno 
    where
        status0_.statusnum=?
Hibernate: 
    select
        status0_.statusnum as statusnu1_3_0_,
        status0_.regdate as regdate2_3_0_,
        status0_.facility_bno as facility5_3_0_,
        status0_.member_mno as member_m6_3_0_,
        status0_.state as state3_3_0_,
        status0_.temperature as temperat4_3_0_,
        facility1_.bno as bno1_0_1_,
        facility1_.building as building2_0_1_,
        member2_.mno as mno1_1_2_,
        member2_.name as name2_1_2_,
        member2_.phone as phone3_1_2_ 
    from
        status status0_ 
    left outer join
        facility facility1_ 
            on status0_.facility_bno=facility1_.bno 
    left outer join
        member member2_ 
            on status0_.member_mno=member2_.mno 
    where
        status0_.statusnum=?
Hibernate: 
    select
        status0_.statusnum as statusnu1_3_0_,
        status0_.regdate as regdate2_3_0_,
        status0_.facility_bno as facility5_3_0_,
        status0_.member_mno as member_m6_3_0_,
        status0_.state as state3_3_0_,
        status0_.temperature as temperat4_3_0_,
        facility1_.bno as bno1_0_1_,
        facility1_.building as building2_0_1_,
        member2_.mno as mno1_1_2_,
        member2_.name as name2_1_2_,
        member2_.phone as phone3_1_2_ 
    from
        status status0_ 
    left outer join
        facility facility1_ 
            on status0_.facility_bno=facility1_.bno 
    left outer join
        member member2_ 
            on status0_.member_mno=member2_.mno 
    where
        status0_.statusnum=?
Hibernate: 
    select
        status0_.statusnum as statusnu1_3_0_,
        status0_.regdate as regdate2_3_0_,
        status0_.facility_bno as facility5_3_0_,
        status0_.member_mno as member_m6_3_0_,
        status0_.state as state3_3_0_,
        status0_.temperature as temperat4_3_0_,
        facility1_.bno as bno1_0_1_,
        facility1_.building as building2_0_1_,
        member2_.mno as mno1_1_2_,
        member2_.name as name2_1_2_,
        member2_.phone as phone3_1_2_ 
    from
        status status0_ 
    left outer join
        facility facility1_ 
            on status0_.facility_bno=facility1_.bno 
    left outer join
        member member2_ 
            on status0_.member_mno=member2_.mno 
    where
        status0_.statusnum=?
Hibernate: 
    select
        status0_.statusnum as statusnu1_3_0_,
        status0_.regdate as regdate2_3_0_,
        status0_.facility_bno as facility5_3_0_,
        status0_.member_mno as member_m6_3_0_,
        status0_.state as state3_3_0_,
        status0_.temperature as temperat4_3_0_,
        facility1_.bno as bno1_0_1_,
        facility1_.building as building2_0_1_,
        member2_.mno as mno1_1_2_,
        member2_.name as name2_1_2_,
        member2_.phone as phone3_1_2_ 
    from
        status status0_ 
    left outer join
        facility facility1_ 
            on status0_.facility_bno=facility1_.bno 
    left outer join
        member member2_ 
            on status0_.member_mno=member2_.mno 
    where
        status0_.statusnum=?
Hibernate: 
    select
        status0_.statusnum as statusnu1_3_0_,
        status0_.regdate as regdate2_3_0_,
        status0_.facility_bno as facility5_3_0_,
        status0_.member_mno as member_m6_3_0_,
        status0_.state as state3_3_0_,
        status0_.temperature as temperat4_3_0_,
        facility1_.bno as bno1_0_1_,
        facility1_.building as building2_0_1_,
        member2_.mno as mno1_1_2_,
        member2_.name as name2_1_2_,
        member2_.phone as phone3_1_2_ 
    from
        status status0_ 
    left outer join
        facility facility1_ 
            on status0_.facility_bno=facility1_.bno 
    left outer join
        member member2_ 
            on status0_.member_mno=member2_.mno 
    where
        status0_.statusnum=?
Hibernate: 
    select
        status0_.statusnum as statusnu1_3_0_,
        status0_.regdate as regdate2_3_0_,
        status0_.facility_bno as facility5_3_0_,
        status0_.member_mno as member_m6_3_0_,
        status0_.state as state3_3_0_,
        status0_.temperature as temperat4_3_0_,
        facility1_.bno as bno1_0_1_,
        facility1_.building as building2_0_1_,
        member2_.mno as mno1_1_2_,
        member2_.name as name2_1_2_,
        member2_.phone as phone3_1_2_ 
    from
        status status0_ 
    left outer join
        facility facility1_ 
            on status0_.facility_bno=facility1_.bno 
    left outer join
        member member2_ 
            on status0_.member_mno=member2_.mno 
    where
        status0_.statusnum=?
Hibernate: 
    select
        status0_.statusnum as statusnu1_3_0_,
        status0_.regdate as regdate2_3_0_,
        status0_.facility_bno as facility5_3_0_,
        status0_.member_mno as member_m6_3_0_,
        status0_.state as state3_3_0_,
        status0_.temperature as temperat4_3_0_,
        facility1_.bno as bno1_0_1_,
        facility1_.building as building2_0_1_,
        member2_.mno as mno1_1_2_,
        member2_.name as name2_1_2_,
        member2_.phone as phone3_1_2_ 
    from
        status status0_ 
    left outer join
        facility facility1_ 
            on status0_.facility_bno=facility1_.bno 
    left outer join
        member member2_ 
            on status0_.member_mno=member2_.mno 
    where
        status0_.statusnum=?
Hibernate: 
    select
        status0_.statusnum as statusnu1_3_0_,
        status0_.regdate as regdate2_3_0_,
        status0_.facility_bno as facility5_3_0_,
        status0_.member_mno as member_m6_3_0_,
        status0_.state as state3_3_0_,
        status0_.temperature as temperat4_3_0_,
        facility1_.bno as bno1_0_1_,
        facility1_.building as building2_0_1_,
        member2_.mno as mno1_1_2_,
        member2_.name as name2_1_2_,
        member2_.phone as phone3_1_2_ 
    from
        status status0_ 
    left outer join
        facility facility1_ 
            on status0_.facility_bno=facility1_.bno 
    left outer join
        member member2_ 
            on status0_.member_mno=member2_.mno 
    where
        status0_.statusnum=?
Hibernate: 
    select
        status0_.statusnum as statusnu1_3_0_,
        status0_.regdate as regdate2_3_0_,
        status0_.facility_bno as facility5_3_0_,
        status0_.member_mno as member_m6_3_0_,
        status0_.state as state3_3_0_,
        status0_.temperature as temperat4_3_0_,
        facility1_.bno as bno1_0_1_,
        facility1_.building as building2_0_1_,
        member2_.mno as mno1_1_2_,
        member2_.name as name2_1_2_,
        member2_.phone as phone3_1_2_ 
    from
        status status0_ 
    left outer join
        facility facility1_ 
            on status0_.facility_bno=facility1_.bno 
    left outer join
        member member2_ 
            on status0_.member_mno=member2_.mno 
    where
        status0_.statusnum=?
Hibernate: 
    select
        status0_.statusnum as statusnu1_3_0_,
        status0_.regdate as regdate2_3_0_,
        status0_.facility_bno as facility5_3_0_,
        status0_.member_mno as member_m6_3_0_,
        status0_.state as state3_3_0_,
        status0_.temperature as temperat4_3_0_,
        facility1_.bno as bno1_0_1_,
        facility1_.building as building2_0_1_,
        member2_.mno as mno1_1_2_,
        member2_.name as name2_1_2_,
        member2_.phone as phone3_1_2_ 
    from
        status status0_ 
    left outer join
        facility facility1_ 
            on status0_.facility_bno=facility1_.bno 
    left outer join
        member member2_ 
            on status0_.member_mno=member2_.mno 
    where
        status0_.statusnum=?
Hibernate: 
    select
        status0_.statusnum as statusnu1_3_0_,
        status0_.regdate as regdate2_3_0_,
        status0_.facility_bno as facility5_3_0_,
        status0_.member_mno as member_m6_3_0_,
        status0_.state as state3_3_0_,
        status0_.temperature as temperat4_3_0_,
        facility1_.bno as bno1_0_1_,
        facility1_.building as building2_0_1_,
        member2_.mno as mno1_1_2_,
        member2_.name as name2_1_2_,
        member2_.phone as phone3_1_2_ 
    from
        status status0_ 
    left outer join
        facility facility1_ 
            on status0_.facility_bno=facility1_.bno 
    left outer join
        member member2_ 
            on status0_.member_mno=member2_.mno 
    where
        status0_.statusnum=?
Hibernate: 
    select
        status0_.statusnum as statusnu1_3_0_,
        status0_.regdate as regdate2_3_0_,
        status0_.facility_bno as facility5_3_0_,
        status0_.member_mno as member_m6_3_0_,
        status0_.state as state3_3_0_,
        status0_.temperature as temperat4_3_0_,
        facility1_.bno as bno1_0_1_,
        facility1_.building as building2_0_1_,
        member2_.mno as mno1_1_2_,
        member2_.name as name2_1_2_,
        member2_.phone as phone3_1_2_ 
    from
        status status0_ 
    left outer join
        facility facility1_ 
            on status0_.facility_bno=facility1_.bno 
    left outer join
        member member2_ 
            on status0_.member_mno=member2_.mno 
    where
        status0_.statusnum=?
Hibernate: 
    select
        status0_.statusnum as statusnu1_3_0_,
        status0_.regdate as regdate2_3_0_,
        status0_.facility_bno as facility5_3_0_,
        status0_.member_mno as member_m6_3_0_,
        status0_.state as state3_3_0_,
        status0_.temperature as temperat4_3_0_,
        facility1_.bno as bno1_0_1_,
        facility1_.building as building2_0_1_,
        member2_.mno as mno1_1_2_,
        member2_.name as name2_1_2_,
        member2_.phone as phone3_1_2_ 
    from
        status status0_ 
    left outer join
        facility facility1_ 
            on status0_.facility_bno=facility1_.bno 
    left outer join
        member member2_ 
            on status0_.member_mno=member2_.mno 
    where
        status0_.statusnum=?
Hibernate: 
    select
        status0_.statusnum as statusnu1_3_0_,
        status0_.regdate as regdate2_3_0_,
        status0_.facility_bno as facility5_3_0_,
        status0_.member_mno as member_m6_3_0_,
        status0_.state as state3_3_0_,
        status0_.temperature as temperat4_3_0_,
        facility1_.bno as bno1_0_1_,
        facility1_.building as building2_0_1_,
        member2_.mno as mno1_1_2_,
        member2_.name as name2_1_2_,
        member2_.phone as phone3_1_2_ 
    from
        status status0_ 
    left outer join
        facility facility1_ 
            on status0_.facility_bno=facility1_.bno 
    left outer join
        member member2_ 
            on status0_.member_mno=member2_.mno 
    where
        status0_.statusnum=?
Hibernate: 
    select
        status0_.statusnum as statusnu1_3_0_,
        status0_.regdate as regdate2_3_0_,
        status0_.facility_bno as facility5_3_0_,
        status0_.member_mno as member_m6_3_0_,
        status0_.state as state3_3_0_,
        status0_.temperature as temperat4_3_0_,
        facility1_.bno as bno1_0_1_,
        facility1_.building as building2_0_1_,
        member2_.mno as mno1_1_2_,
        member2_.name as name2_1_2_,
        member2_.phone as phone3_1_2_ 
    from
        status status0_ 
    left outer join
        facility facility1_ 
            on status0_.facility_bno=facility1_.bno 
    left outer join
        member member2_ 
            on status0_.member_mno=member2_.mno 
    where
        status0_.statusnum=?
Hibernate: 
    select
        status0_.statusnum as statusnu1_3_0_,
        status0_.regdate as regdate2_3_0_,
        status0_.facility_bno as facility5_3_0_,
        status0_.member_mno as member_m6_3_0_,
        status0_.state as state3_3_0_,
        status0_.temperature as temperat4_3_0_,
        facility1_.bno as bno1_0_1_,
        facility1_.building as building2_0_1_,
        member2_.mno as mno1_1_2_,
        member2_.name as name2_1_2_,
        member2_.phone as phone3_1_2_ 
    from
        status status0_ 
    left outer join
        facility facility1_ 
            on status0_.facility_bno=facility1_.bno 
    left outer join
        member member2_ 
            on status0_.member_mno=member2_.mno 
    where
        status0_.statusnum=?
Hibernate: 
    select
        status0_.statusnum as statusnu1_3_0_,
        status0_.regdate as regdate2_3_0_,
        status0_.facility_bno as facility5_3_0_,
        status0_.member_mno as member_m6_3_0_,
        status0_.state as state3_3_0_,
        status0_.temperature as temperat4_3_0_,
        facility1_.bno as bno1_0_1_,
        facility1_.building as building2_0_1_,
        member2_.mno as mno1_1_2_,
        member2_.name as name2_1_2_,
        member2_.phone as phone3_1_2_ 
    from
        status status0_ 
    left outer join
        facility facility1_ 
            on status0_.facility_bno=facility1_.bno 
    left outer join
        member member2_ 
            on status0_.member_mno=member2_.mno 
    where
        status0_.statusnum=?
Hibernate: 
    select
        status0_.statusnum as statusnu1_3_0_,
        status0_.regdate as regdate2_3_0_,
        status0_.facility_bno as facility5_3_0_,
        status0_.member_mno as member_m6_3_0_,
        status0_.state as state3_3_0_,
        status0_.temperature as temperat4_3_0_,
        facility1_.bno as bno1_0_1_,
        facility1_.building as building2_0_1_,
        member2_.mno as mno1_1_2_,
        member2_.name as name2_1_2_,
        member2_.phone as phone3_1_2_ 
    from
        status status0_ 
    left outer join
        facility facility1_ 
            on status0_.facility_bno=facility1_.bno 
    left outer join
        member member2_ 
            on status0_.member_mno=member2_.mno 
    where
        status0_.statusnum=?
Hibernate: 
    select
        status0_.statusnum as statusnu1_3_0_,
        status0_.regdate as regdate2_3_0_,
        status0_.facility_bno as facility5_3_0_,
        status0_.member_mno as member_m6_3_0_,
        status0_.state as state3_3_0_,
        status0_.temperature as temperat4_3_0_,
        facility1_.bno as bno1_0_1_,
        facility1_.building as building2_0_1_,
        member2_.mno as mno1_1_2_,
        member2_.name as name2_1_2_,
[...]
    where
        status0_.statusnum=?
Hibernate: 
    select
        status0_.statusnum as statusnu1_3_0_,
        status0_.regdate as regdate2_3_0_,
        status0_.facility_bno as facility5_3_0_,
        status0_.member_mno as member_m6_3_0_,
        status0_.state as state3_3_0_,
        status0_.temperature as temperat4_3_0_,
        facility1_.bno as bno1_0_1_,
        facility1_.building as building2_0_1_,
        member2_.mno as mno1_1_2_,
        member2_.name as name2_1_2_,
        member2_.phone as phone3_1_2_ 
    from
        status status0_ 
    left outer join
        facility facility1_ 
            on status0_.facility_bno=facility1_.bno 
    left outer join
        member member2_ 
            on status0_.member_mno=member2_.mno 
    where
        status0_.statusnum=?
Hibernate: 
    select
        status0_.statusnum as statusnu1_3_0_,
        status0_.regdate as regdate2_3_0_,
        status0_.facility_bno as facility5_3_0_,
        status0_.member_mno as member_m6_3_0_,
        status0_.state as state3_3_0_,
        status0_.temperature as temperat4_3_0_,
        facility1_.bno as bno1_0_1_,
        facility1_.building as building2_0_1_,
        member2_.mno as mno1_1_2_,
        member2_.name as name2_1_2_,
        member2_.phone as phone3_1_2_ 
    from
        status status0_ 
    left outer join
        facility facility1_ 
            on status0_.facility_bno=facility1_.bno 
    left outer join
        member member2_ 
            on status0_.member_mno=member2_.mno 
    where
        status0_.statusnum=?
Hibernate: 
    select
        status0_.statusnum as statusnu1_3_0_,
        status0_.regdate as regdate2_3_0_,
        status0_.facility_bno as facility5_3_0_,
        status0_.member_mno as member_m6_3_0_,
        status0_.state as state3_3_0_,
        status0_.temperature as temperat4_3_0_,
        facility1_.bno as bno1_0_1_,
        facility1_.building as building2_0_1_,
        member2_.mno as mno1_1_2_,
        member2_.name as name2_1_2_,
        member2_.phone as phone3_1_2_ 
    from
        status status0_ 
    left outer join
        facility facility1_ 
            on status0_.facility_bno=facility1_.bno 
    left outer join
        member member2_ 
            on status0_.member_mno=member2_.mno 
    where
        status0_.statusnum=?
Hibernate: 
    select
        status0_.statusnum as statusnu1_3_0_,
        status0_.regdate as regdate2_3_0_,
        status0_.facility_bno as facility5_3_0_,
        status0_.member_mno as member_m6_3_0_,
        status0_.state as state3_3_0_,
        status0_.temperature as temperat4_3_0_,
        facility1_.bno as bno1_0_1_,
        facility1_.building as building2_0_1_,
        member2_.mno as mno1_1_2_,
        member2_.name as name2_1_2_,
        member2_.phone as phone3_1_2_ 
    from
        status status0_ 
    left outer join
        facility facility1_ 
            on status0_.facility_bno=facility1_.bno 
    left outer join
        member member2_ 
            on status0_.member_mno=member2_.mno 
    where
        status0_.statusnum=?
Hibernate: 
    select
        status0_.statusnum as statusnu1_3_0_,
        status0_.regdate as regdate2_3_0_,
        status0_.facility_bno as facility5_3_0_,
        status0_.member_mno as member_m6_3_0_,
        status0_.state as state3_3_0_,
        status0_.temperature as temperat4_3_0_,
        facility1_.bno as bno1_0_1_,
        facility1_.building as building2_0_1_,
        member2_.mno as mno1_1_2_,
        member2_.name as name2_1_2_,
        member2_.phone as phone3_1_2_ 
    from
        status status0_ 
    left outer join
        facility facility1_ 
            on status0_.facility_bno=facility1_.bno 
    left outer join
        member member2_ 
            on status0_.member_mno=member2_.mno 
    where
        status0_.statusnum=?
Hibernate: 
    select
        status0_.statusnum as statusnu1_3_0_,
        status0_.regdate as regdate2_3_0_,
        status0_.facility_bno as facility5_3_0_,
        status0_.member_mno as member_m6_3_0_,
        status0_.state as state3_3_0_,
        status0_.temperature as temperat4_3_0_,
        facility1_.bno as bno1_0_1_,
        facility1_.building as building2_0_1_,
        member2_.mno as mno1_1_2_,
        member2_.name as name2_1_2_,
        member2_.phone as phone3_1_2_ 
    from
        status status0_ 
    left outer join
        facility facility1_ 
            on status0_.facility_bno=facility1_.bno 
    left outer join
        member member2_ 
            on status0_.member_mno=member2_.mno 
    where
        status0_.statusnum=?
Hibernate: 
    select
        status0_.statusnum as statusnu1_3_0_,
        status0_.regdate as regdate2_3_0_,
        status0_.facility_bno as facility5_3_0_,
        status0_.member_mno as member_m6_3_0_,
        status0_.state as state3_3_0_,
        status0_.temperature as temperat4_3_0_,
        facility1_.bno as bno1_0_1_,
        facility1_.building as building2_0_1_,
        member2_.mno as mno1_1_2_,
        member2_.name as name2_1_2_,
        member2_.phone as phone3_1_2_ 
    from
        status status0_ 
    left outer join
        facility facility1_ 
            on status0_.facility_bno=facility1_.bno 
    left outer join
        member member2_ 
            on status0_.member_mno=member2_.mno 
    where
        status0_.statusnum=?
Hibernate: 
    select
        status0_.statusnum as statusnu1_3_0_,
        status0_.regdate as regdate2_3_0_,
        status0_.facility_bno as facility5_3_0_,
        status0_.member_mno as member_m6_3_0_,
        status0_.state as state3_3_0_,
        status0_.temperature as temperat4_3_0_,
        facility1_.bno as bno1_0_1_,
        facility1_.building as building2_0_1_,
        member2_.mno as mno1_1_2_,
        member2_.name as name2_1_2_,
        member2_.phone as phone3_1_2_ 
    from
        status status0_ 
    left outer join
        facility facility1_ 
            on status0_.facility_bno=facility1_.bno 
    left outer join
        member member2_ 
            on status0_.member_mno=member2_.mno 
    where
        status0_.statusnum=?
Hibernate: 
    select
        status0_.statusnum as statusnu1_3_0_,
        status0_.regdate as regdate2_3_0_,
        status0_.facility_bno as facility5_3_0_,
        status0_.member_mno as member_m6_3_0_,
        status0_.state as state3_3_0_,
        status0_.temperature as temperat4_3_0_,
        facility1_.bno as bno1_0_1_,
        facility1_.building as building2_0_1_,
        member2_.mno as mno1_1_2_,
        member2_.name as name2_1_2_,
        member2_.phone as phone3_1_2_ 
    from
        status status0_ 
    left outer join
        facility facility1_ 
            on status0_.facility_bno=facility1_.bno 
    left outer join
        member member2_ 
            on status0_.member_mno=member2_.mno 
    where
        status0_.statusnum=?
Hibernate: 
    select
        status0_.statusnum as statusnu1_3_0_,
        status0_.regdate as regdate2_3_0_,
        status0_.facility_bno as facility5_3_0_,
        status0_.member_mno as member_m6_3_0_,
        status0_.state as state3_3_0_,
        status0_.temperature as temperat4_3_0_,
        facility1_.bno as bno1_0_1_,
        facility1_.building as building2_0_1_,
        member2_.mno as mno1_1_2_,
        member2_.name as name2_1_2_,
        member2_.phone as phone3_1_2_ 
    from
        status status0_ 
    left outer join
        facility facility1_ 
            on status0_.facility_bno=facility1_.bno 
    left outer join
        member member2_ 
            on status0_.member_mno=member2_.mno 
    where
        status0_.statusnum=?
Hibernate: 
    select
        status0_.statusnum as statusnu1_3_0_,
        status0_.regdate as regdate2_3_0_,
        status0_.facility_bno as facility5_3_0_,
        status0_.member_mno as member_m6_3_0_,
        status0_.state as state3_3_0_,
        status0_.temperature as temperat4_3_0_,
        facility1_.bno as bno1_0_1_,
        facility1_.building as building2_0_1_,
        member2_.mno as mno1_1_2_,
        member2_.name as name2_1_2_,
        member2_.phone as phone3_1_2_ 
    from
        status status0_ 
    left outer join
        facility facility1_ 
            on status0_.facility_bno=facility1_.bno 
    left outer join
        member member2_ 
            on status0_.member_mno=member2_.mno 
    where
        status0_.statusnum=?
Hibernate: 
    select
        status0_.statusnum as statusnu1_3_0_,
        status0_.regdate as regdate2_3_0_,
        status0_.facility_bno as facility5_3_0_,
        status0_.member_mno as member_m6_3_0_,
        status0_.state as state3_3_0_,
        status0_.temperature as temperat4_3_0_,
        facility1_.bno as bno1_0_1_,
        facility1_.building as building2_0_1_,
        member2_.mno as mno1_1_2_,
        member2_.name as name2_1_2_,
        member2_.phone as phone3_1_2_ 
    from
        status status0_ 
    left outer join
        facility facility1_ 
            on status0_.facility_bno=facility1_.bno 
    left outer join
        member member2_ 
            on status0_.member_mno=member2_.mno 
    where
        status0_.statusnum=?
Hibernate: 
    select
        status0_.statusnum as statusnu1_3_0_,
        status0_.regdate as regdate2_3_0_,
        status0_.facility_bno as facility5_3_0_,
        status0_.member_mno as member_m6_3_0_,
        status0_.state as state3_3_0_,
        status0_.temperature as temperat4_3_0_,
        facility1_.bno as bno1_0_1_,
        facility1_.building as building2_0_1_,
        member2_.mno as mno1_1_2_,
        member2_.name as name2_1_2_,
        member2_.phone as phone3_1_2_ 
    from
        status status0_ 
    left outer join
        facility facility1_ 
            on status0_.facility_bno=facility1_.bno 
    left outer join
        member member2_ 
            on status0_.member_mno=member2_.mno 
    where
        status0_.statusnum=?
Hibernate: 
    delete 
    from
        status 
    where
        statusnum=?
Hibernate: 
    delete 
    from
        status 
    where
        statusnum=?
Hibernate: 
    delete 
    from
        status 
    where
        statusnum=?
Hibernate: 
    delete 
    from
        status 
    where
        statusnum=?
Hibernate: 
    delete 
    from
        status 
    where
        statusnum=?
Hibernate: 
    delete 
    from
        status 
    where
        statusnum=?
Hibernate: 
    delete 
    from
        status 
    where
        statusnum=?
Hibernate: 
    delete 
    from
        status 
    where
        statusnum=?
Hibernate: 
    delete 
    from
        status 
    where
        statusnum=?
Hibernate: 
    delete 
    from
        status 
    where
        statusnum=?
Hibernate: 
    delete 
    from
        status 
    where
        statusnum=?
Hibernate: 
    delete 
    from
        status 
    where
        statusnum=?
Hibernate: 
    delete 
    from
        status 
    where
        statusnum=?
Hibernate: 
    delete 
    from
        status 
    where
        statusnum=?
Hibernate: 
    delete 
    from
        status 
    where
        statusnum=?
Hibernate: 
    delete 
    from
        status 
    where
        statusnum=?
Hibernate: 
    delete 
    from
        status 
    where
        statusnum=?
Hibernate: 
    delete 
    from
        status 
    where
        statusnum=?
Hibernate: 
    delete 
    from
        status 
    where
        statusnum=?
Hibernate: 
    delete 
    from
        status 
    where
        statusnum=?
Hibernate: 
    delete 
    from
        status 
    where
        statusnum=?
Hibernate: 
    delete 
    from
        status 
    where
        statusnum=?
Hibernate: 
    delete 
    from
        status 
    where
        statusnum=?
Hibernate: 
    delete 
    from
        status 
    where
        statusnum=?
Hibernate: 
    delete 
    from
        status 
    where
        statusnum=?
Hibernate: 
    delete 
    from
        status 
    where
        statusnum=?
Hibernate: 
    delete 
    from
        status 
    where
        statusnum=?
Hibernate: 
    delete 
    from
        status 
    where
        statusnum=?
Hibernate: 
    delete 
    from
        status 
    where
        statusnum=?
Hibernate: 
    delete 
    from
        status 
    where
        statusnum=?
Hibernate: 
    delete 
    from
        status 
    where
        statusnum=?
Hibernate: 
    delete 
    from
        status 
    where
        statusnum=?
Hibernate: 
    delete 
    from
        status 
    where
        statusnum=?
Hibernate: 
    delete 
    from
        status 
    where
        statusnum=?
Hibernate: 
    delete 
    from
        status 
    where
        statusnum=?
Hibernate: 
    delete 
    from
        status 
    where
        statusnum=?
Hibernate: 
    delete 
    from
        status 
    where
        statusnum=?
Hibernate: 
    delete 
    from
        status 
    where
        statusnum=?
Hibernate: 
    delete 
    from
        status 
    where
        statusnum=?
Hibernate: 
    delete 
    from
        status 
    where
        statusnum=?
Hibernate: 
    delete 
    from
        status 
    where
        statusnum=?
Hibernate: 
    delete 
    from
        status 
    where
        statusnum=?
Hibernate: 
    delete 
    from
        status 
    where
        statusnum=?
Hibernate: 
    delete 
    from
        status 
    where
        statusnum=?
Hibernate: 
    delete 
    from
        status 
    where
        statusnum=?
Hibernate: 
    delete 
    from
        status 
    where
        statusnum=?
Hibernate: 
    delete 
    from
        status 
    where
        statusnum=?
Hibernate: 
    delete 
    from
        status 
    where
        statusnum=?
Hibernate: 
    delete 
    from
        status 
    where
        statusnum=?
Hibernate: 
    delete 
    from
        status 
    where
        statusnum=?
Hibernate: 
    delete 
    from
        status 
    where
        statusnum=?
Hibernate: 
    delete 
    from
        status 
    where
        statusnum=?
Hibernate: 
    delete 
    from
        status 
    where
        statusnum=?
Hibernate: 
    delete 
    from
        status 
    where
        statusnum=?
Hibernate: 
    delete 
    from
        status 
    where
        statusnum=?
Hibernate: 
    delete 
    from
        status 
    where
        statusnum=?
Hibernate: 
    delete 
    from
        status 
    where
        statusnum=?
Hibernate: 
    delete 
    from
        status 
    where
        statusnum=?
Hibernate: 
    delete 
    from
        status 
    where
        statusnum=?
Hibernate: 
    delete 
    from
        status 
    where
        statusnum=?
Hibernate: 
    delete 
    from
        status 
    where
        statusnum=?
Hibernate: 
    delete 
    from
        status 
    where
        statusnum=?
Hibernate: 
    delete 
    from
        status 
    where
        statusnum=?
Hibernate: 
    delete 
    from
        status 
    where
        statusnum=?
Hibernate: 
    delete 
    from
        status 
    where
        statusnum=?
Hibernate: 
    delete 
    from
        status 
    where
        statusnum=?
Hibernate: 
    delete 
    from
        status 
    where
        statusnum=?
Hibernate: 
    delete 
    from
        status 
    where
        statusnum=?
Hibernate: 
    delete 
    from
        status 
    where
        statusnum=?
Hibernate: 
    delete 
    from
        status 
    where
        statusnum=?
Hibernate: 
    delete 
    from
        status 
    where
        statusnum=?
Hibernate: 
    delete 
    from
        status 
    where
        statusnum=?
Hibernate: 
    delete 
    from
        status 
    where
        statusnum=?
Hibernate: 
    delete 
    from
        status 
    where
        statusnum=?
Hibernate: 
    delete 
    from
        status 
    where
        statusnum=?
Hibernate: 
    delete 
    from
        status 
    where
        statusnum=?
Hibernate: 
    delete 
    from
        status 
    where
        statusnum=?
Hibernate: 
    delete 
    from
        status 
    where
        statusnum=?
Hibernate: 
    delete 
    from
        status 
    where
        statusnum=?
Hibernate: 
    delete 
    from
        status 
    where
        statusnum=?
Hibernate: 
    delete 
    from
        status 
    where
        statusnum=?
Hibernate: 
    delete 
    from
        status 
    where
        statusnum=?
Hibernate: 
    delete 
    from
        status 
    where
        statusnum=?
Hibernate: 
    delete 
    from
        status 
    where
        statusnum=?
Hibernate: 
    delete 
    from
        status 
    where
        statusnum=?
Hibernate: 
    delete 
    from
        status 
    where
        statusnum=?
Hibernate: 
    delete 
    from
        status 
    where
        statusnum=?
Hibernate: 
    delete 
    from
        status 
    where
        statusnum=?
Hibernate: 
    delete 
    from
        status 
    where
        statusnum=?
Hibernate: 
    delete 
    from
        status 
    where
        statusnum=?
Hibernate: 
    delete 
    from
        status 
    where
        statusnum=?
Hibernate: 
    delete 
    from
        status 
    where
        statusnum=?
Hibernate: 
    delete 
    from
        status 
    where
        statusnum=?
Hibernate: 
    delete 
    from
        status 
    where
        statusnum=?
Hibernate: 
    delete 
    from
        status 
    where
        statusnum=?
Hibernate: 
    delete 
    from
        status 
    where
        statusnum=?
Hibernate: 
    delete 
    from
        status 
    where
        statusnum=?
Hibernate: 
    delete 
    from
        status 
    where
        statusnum=?
Hibernate: 
    delete 
    from
        status 
    where
        statusnum=?
Hibernate: 
    delete 
    from
        status 
    where
        statusnum=?
Hibernate: 
    
SET
    SQL_SAFE_UPDATES = 0
Hibernate: 
    
set
    @cnt=0
Hibernate: 
    update
        status 
    set
        status.statusnum=@cnt:=@cnt+1
Hibernate: 
    ALTER TABLE status AUTO_INCREMENT = 1
2021-04-17 17:47:01.253  INFO 63296 --- [    Test worker] o.s.s.c.ThreadPoolTaskScheduler          : Initializing ExecutorService 'messageBrokerTaskScheduler'
end point 연결!!!***
2021-04-17 17:47:01.726  WARN 63296 --- [    Test worker] JpaBaseConfiguration$JpaWebConfiguration : spring.jpa.open-in-view is enabled by default. Therefore, database queries may be performed during view rendering. Explicitly configure spring.jpa.open-in-view to disable this warning
2021-04-17 17:47:02.987  INFO 63296 --- [    Test worker] o.s.b.a.w.s.WelcomePageHandlerMapping    : Adding welcome page: class path resource [static/index.html]
2021-04-17 17:47:03.819  INFO 63296 --- [    Test worker] o.s.m.s.b.SimpleBrokerMessageHandler     : Starting...
2021-04-17 17:47:03.819  INFO 63296 --- [    Test worker] o.s.m.s.b.SimpleBrokerMessageHandler     : BrokerAvailabilityEvent[available=true, SimpleBrokerMessageHandler [org.springframework.messaging.simp.broker.DefaultSubscriptionRegistry@3347f6fa]]
2021-04-17 17:47:03.820  INFO 63296 --- [    Test worker] o.s.m.s.b.SimpleBrokerMessageHandler     : Started.
2021-04-17 17:47:03.838  INFO 63296 --- [    Test worker] o.m.f.service.DataValidityPeriodTests    : Started DataValidityPeriodTests in 14.616 seconds (JVM running for 18.914)
Hibernate: 
    select
        status0_.statusnum as statusnu1_3_,
        status0_.regdate as regdate2_3_,
        status0_.facility_bno as facility5_3_,
        status0_.member_mno as member_m6_3_,
        status0_.state as state3_3_,
        status0_.temperature as temperat4_3_ 
    from
        status status0_ 
    where
        status0_.regdate not between ? and ?
Hibernate: 
    
SET
    SQL_SAFE_UPDATES = 0
Hibernate: 
    
set
    @cnt=0
Hibernate: 
    update
        status 
    set
        status.statusnum=@cnt:=@cnt+1
Hibernate: 
    ALTER TABLE status AUTO_INCREMENT = 1
]]></system-out>
  <system-err><![CDATA[]]></system-err>
</testsuite>
